{
  "RSpec": {
    "coverage": {
      "/Users/v.fernandez/Documents/virgilio-personal/interviews/squora/merchant-payments/app/controllers/api/v1/merchants_controller.rb": {
        "lines": [
          1,
          1,
          1,
          1,
          null,
          1,
          11,
          null,
          0,
          null,
          5,
          null,
          2,
          null,
          2,
          null,
          null,
          2,
          null,
          null,
          null,
          2,
          2,
          null,
          null,
          null,
          1,
          16,
          5,
          null,
          null,
          1,
          null,
          1,
          16,
          null,
          null,
          null,
          null,
          null,
          null,
          null,
          null,
          null,
          null
        ],
        "branches": {
          "[:case, 0, 7, 8, 24, 11]": {
            "[:when, 1, 9, 10, 9, 106]": 0,
            "[:when, 2, 11, 10, 11, 102]": 5,
            "[:when, 3, 13, 10, 13, 93]": 2,
            "[:when, 4, 15, 10, 15, 78]": 2,
            "[:else, 5, 17, 10, 23, 88]": 2
          }
        }
      },
      "/Users/v.fernandez/Documents/virgilio-personal/interviews/squora/merchant-payments/app/controllers/application_controller.rb": {
        "lines": [
          1,
          null
        ],
        "branches": {}
      },
      "/Users/v.fernandez/Documents/virgilio-personal/interviews/squora/merchant-payments/lib/infrastructure/presenters/api/v1/merchant_presenter.rb": {
        "lines": [
          1,
          1,
          1,
          1,
          1,
          1,
          null,
          6,
          null,
          null,
          null,
          null,
          1,
          null,
          12,
          null,
          null,
          null,
          null,
          null,
          null,
          null,
          null
        ],
        "branches": {}
      },
      "/Users/v.fernandez/Documents/virgilio-personal/interviews/squora/merchant-payments/app/controllers/api/v1/orders_controller.rb": {
        "lines": [
          1,
          1,
          1,
          1,
          null,
          1,
          11,
          null,
          0,
          null,
          5,
          null,
          2,
          null,
          2,
          null,
          null,
          2,
          null,
          null,
          null,
          2,
          2,
          null,
          null,
          null,
          1,
          16,
          5,
          null,
          null,
          1,
          null,
          1,
          16,
          null,
          null,
          null,
          null,
          null,
          null,
          null,
          null
        ],
        "branches": {
          "[:case, 0, 7, 8, 24, 11]": {
            "[:when, 1, 9, 10, 9, 103]": 0,
            "[:when, 2, 11, 10, 11, 96]": 5,
            "[:when, 3, 13, 10, 13, 90]": 2,
            "[:when, 4, 15, 10, 15, 72]": 2,
            "[:else, 5, 17, 10, 23, 85]": 2
          }
        }
      },
      "/Users/v.fernandez/Documents/virgilio-personal/interviews/squora/merchant-payments/lib/infrastructure/presenters/api/v1/order_presenter.rb": {
        "lines": [
          1,
          1,
          1,
          1,
          1,
          1,
          null,
          6,
          null,
          null,
          null,
          null,
          1,
          null,
          12,
          null,
          null,
          null,
          null,
          null,
          null,
          null,
          null
        ],
        "branches": {}
      },
      "/Users/v.fernandez/Documents/virgilio-personal/interviews/squora/merchant-payments/lib/domain/disbursements/data/validator.rb": {
        "lines": [
          1,
          1,
          1,
          1,
          1,
          null,
          1,
          null,
          1,
          1,
          1,
          1,
          1,
          1,
          null,
          1,
          31,
          31,
          31,
          31,
          null,
          null,
          1,
          null,
          1,
          31,
          null,
          29,
          3,
          null,
          null,
          null,
          1,
          31,
          null,
          28,
          28,
          2,
          null,
          null,
          null,
          null,
          null,
          null
        ],
        "branches": {
          "[:unless, 0, 26, 10, 26, 57]": {
            "[:else, 1, 26, 10, 26, 57]": 29,
            "[:then, 2, 26, 10, 26, 16]": 2
          },
          "[:if, 3, 28, 10, 30, 13]": {
            "[:then, 4, 29, 12, 29, 81]": 3,
            "[:else, 5, 28, 10, 30, 13]": 26
          },
          "[:unless, 6, 34, 10, 34, 55]": {
            "[:else, 7, 34, 10, 34, 55]": 28,
            "[:then, 8, 34, 10, 34, 16]": 3
          },
          "[:if, 9, 37, 10, 39, 13]": {
            "[:then, 10, 38, 12, 38, 76]": 2,
            "[:else, 11, 37, 10, 39, 13]": 26
          }
        }
      },
      "/Users/v.fernandez/Documents/virgilio-personal/interviews/squora/merchant-payments/lib/domain/disbursements/entities/disbursement.rb": {
        "lines": [
          1,
          1,
          1,
          1,
          1,
          null,
          1,
          21,
          21,
          21,
          21,
          21,
          null,
          null,
          null,
          null,
          null
        ],
        "branches": {}
      },
      "/Users/v.fernandez/Documents/virgilio-personal/interviews/squora/merchant-payments/lib/domain/disbursements/factories/frequency_based_factory.rb": {
        "lines": [
          1,
          1,
          1,
          1,
          null,
          1,
          null,
          null,
          null,
          1,
          18,
          null,
          null,
          17,
          null,
          null,
          null,
          null,
          null
        ],
        "branches": {}
      },
      "/Users/v.fernandez/Documents/virgilio-personal/interviews/squora/merchant-payments/lib/domain/disbursements/services/calculators/daily.rb": {
        "lines": [
          1,
          1,
          1,
          1,
          1,
          1,
          null,
          1,
          13,
          null,
          null,
          null,
          null,
          null,
          null
        ],
        "branches": {}
      },
      "/Users/v.fernandez/Documents/virgilio-personal/interviews/squora/merchant-payments/lib/domain/disbursements/services/calculators/base.rb": {
        "lines": [
          1,
          1,
          1,
          1,
          1,
          1,
          45,
          45,
          45,
          45,
          45,
          45,
          null,
          null,
          1,
          28,
          28,
          null,
          18,
          null,
          0,
          0,
          null,
          null,
          1,
          null,
          1,
          1,
          null,
          null,
          1,
          null,
          1,
          18,
          null,
          18,
          18,
          null,
          18,
          null,
          null,
          1,
          null,
          18,
          null,
          null,
          null,
          null,
          null,
          null,
          null,
          null,
          null,
          null,
          null
        ],
        "branches": {
          "[:if, 0, 17, 12, 17, 35]": {
            "[:then, 1, 17, 12, 17, 18]": 10,
            "[:else, 2, 17, 12, 17, 35]": 18
          },
          "[:unless, 3, 37, 12, 37, 97]": {
            "[:else, 4, 37, 12, 37, 97]": 18,
            "[:then, 5, 37, 12, 37, 73]": 0
          }
        }
      },
      "/Users/v.fernandez/Documents/virgilio-personal/interviews/squora/merchant-payments/lib/domain/disbursements/services/calculators/weekly.rb": {
        "lines": [
          1,
          1,
          1,
          1,
          1,
          1,
          null,
          1,
          20,
          null,
          11,
          null,
          null,
          1,
          null,
          1,
          23,
          null,
          null,
          null,
          null,
          null,
          null
        ],
        "branches": {
          "[:unless, 0, 9, 12, 9, 43]": {
            "[:else, 1, 9, 12, 9, 43]": 11,
            "[:then, 2, 9, 12, 9, 21]": 9
          },
          "[:if, 3, 17, 12, 17, 77]": {
            "[:then, 4, 17, 34, 17, 38]": 2,
            "[:else, 5, 17, 41, 17, 77]": 21
          }
        }
      },
      "/Users/v.fernandez/Documents/virgilio-personal/interviews/squora/merchant-payments/lib/domain/fees/services/monthly_fee_tracker.rb": {
        "lines": [
          1,
          1,
          1,
          1,
          1,
          5,
          null,
          null,
          1,
          6,
          null,
          4,
          4,
          null,
          4,
          4,
          null,
          4,
          null,
          null,
          1,
          null,
          1,
          4,
          null,
          null,
          1,
          3,
          null,
          null,
          null,
          null,
          null,
          null,
          null,
          null,
          null,
          null
        ],
        "branches": {
          "[:if, 0, 10, 10, 10, 73]": {
            "[:then, 1, 10, 10, 10, 16]": 2,
            "[:else, 2, 10, 10, 10, 73]": 4
          },
          "[:if, 3, 13, 10, 13, 39]": {
            "[:then, 4, 13, 10, 13, 20]": 0,
            "[:else, 5, 13, 10, 13, 39]": 4
          },
          "[:if, 6, 18, 10, 18, 94]": {
            "[:then, 7, 18, 10, 18, 66]": 3,
            "[:else, 8, 18, 10, 18, 94]": 1
          }
        }
      },
      "/Users/v.fernandez/Documents/virgilio-personal/interviews/squora/merchant-payments/lib/domain/disbursements/jobs/disbursement_creation_job.rb": {
        "lines": [
          1,
          null,
          1,
          1,
          1,
          1,
          1,
          null,
          1,
          3,
          3,
          3,
          3,
          2,
          2,
          2,
          null,
          null,
          null,
          null,
          null
        ],
        "branches": {}
      },
      "/Users/v.fernandez/Documents/virgilio-personal/interviews/squora/merchant-payments/app/jobs/application_job.rb": {
        "lines": [
          1,
          null,
          null,
          null,
          null,
          null,
          null
        ],
        "branches": {}
      },
      "/Users/v.fernandez/Documents/virgilio-personal/interviews/squora/merchant-payments/lib/domain/disbursements/queries/disbursable_merchants_query.rb": {
        "lines": [
          1,
          1,
          1,
          1,
          1,
          16,
          16,
          null,
          null,
          1,
          16,
          null,
          1,
          1,
          null,
          null,
          1,
          0,
          null,
          0,
          0,
          null,
          null,
          null,
          null,
          null
        ],
        "branches": {}
      },
      "/Users/v.fernandez/Documents/virgilio-personal/interviews/squora/merchant-payments/lib/domain/disbursements/queries/pending_orders_query.rb": {
        "lines": [
          1,
          1,
          1,
          1,
          1,
          30,
          30,
          null,
          null,
          1,
          24,
          null,
          24,
          null,
          null,
          null,
          null,
          null,
          null,
          null,
          null,
          null
        ],
        "branches": {}
      },
      "/Users/v.fernandez/Documents/virgilio-personal/interviews/squora/merchant-payments/lib/domain/disbursements/repositories/disbursement_repository.rb": {
        "lines": [
          1,
          1,
          1,
          1,
          1,
          1,
          1,
          null,
          1,
          17,
          16,
          null,
          16,
          null,
          null,
          16,
          null,
          null,
          1,
          3,
          2,
          null,
          null,
          1,
          0,
          null,
          0,
          null,
          null,
          null,
          null,
          1,
          4,
          null,
          null,
          4,
          4,
          4,
          null,
          null,
          null,
          1,
          null,
          1,
          16,
          null,
          null,
          null,
          null,
          null
        ],
        "branches": {
          "[:unless, 0, 11, 10, 11, 95]": {
            "[:else, 1, 11, 10, 11, 95]": 0,
            "[:then, 2, 11, 10, 11, 61]": 16
          },
          "[:unless, 3, 25, 10, 25, 68]": {
            "[:else, 4, 25, 10, 25, 68]": 0,
            "[:then, 5, 25, 10, 25, 20]": 0
          },
          "[:if, 6, 37, 24, 37, 76]": {
            "[:then, 7, 37, 39, 37, 72]": 3,
            "[:else, 8, 37, 75, 37, 76]": 1
          },
          "[:if, 9, 38, 22, 38, 72]": {
            "[:then, 10, 38, 37, 38, 68]": 3,
            "[:else, 11, 38, 71, 38, 72]": 1
          }
        }
      },
      "/Users/v.fernandez/Documents/virgilio-personal/interviews/squora/merchant-payments/lib/infrastructure/persistence/active_record/models/disbursement.rb": {
        "lines": [
          1,
          1,
          1,
          1,
          1,
          null,
          1,
          null,
          null,
          null,
          null,
          1,
          1,
          null,
          null,
          1,
          null,
          1,
          null,
          null,
          null,
          null,
          1,
          1,
          null,
          null,
          null,
          null,
          17,
          5,
          5,
          null,
          null,
          null,
          null,
          null,
          null,
          null,
          null,
          null
        ],
        "branches": {}
      },
      "/Users/v.fernandez/Documents/virgilio-personal/interviews/squora/merchant-payments/app/models/application_record.rb": {
        "lines": [
          1,
          1,
          null
        ],
        "branches": {}
      },
      "/Users/v.fernandez/Documents/virgilio-personal/interviews/squora/merchant-payments/lib/infrastructure/persistence/active_record/concerns/has_disbursement_uuid.rb": {
        "lines": [
          1,
          1,
          1,
          1,
          1,
          1,
          null,
          1,
          5,
          null,
          null,
          1,
          null,
          1,
          44,
          null,
          null,
          null,
          null,
          null,
          null
        ],
        "branches": {}
      },
      "/Users/v.fernandez/Documents/virgilio-personal/interviews/squora/merchant-payments/lib/infrastructure/persistence/active_record/models/order.rb": {
        "lines": [
          1,
          1,
          1,
          1,
          1,
          null,
          1,
          null,
          null,
          1,
          null,
          null,
          1,
          null,
          null,
          1,
          null,
          null,
          null,
          1,
          null,
          null,
          null,
          null,
          1,
          1,
          1,
          1,
          null,
          null,
          null,
          null,
          28,
          28,
          1,
          0,
          null,
          null,
          null,
          null,
          null,
          null,
          1,
          17,
          17,
          null,
          null,
          null,
          null,
          null,
          null,
          null,
          null,
          null
        ],
        "branches": {}
      },
      "/Users/v.fernandez/Documents/virgilio-personal/interviews/squora/merchant-payments/lib/infrastructure/persistence/active_record/concerns/has_hex_uuid.rb": {
        "lines": [
          1,
          1,
          1,
          1,
          1,
          1,
          null,
          1,
          3,
          null,
          null,
          1,
          null,
          1,
          108,
          null,
          null,
          null,
          null,
          null,
          null
        ],
        "branches": {
          "[:if, 0, 15, 12, 15, 65]": {
            "[:then, 1, 15, 12, 15, 41]": 52,
            "[:else, 2, 15, 12, 15, 65]": 56
          }
        }
      },
      "/Users/v.fernandez/Documents/virgilio-personal/interviews/squora/merchant-payments/lib/domain/disbursements/services/disbursement_calculator.rb": {
        "lines": [
          1,
          1,
          1,
          1,
          1,
          12,
          12,
          12,
          12,
          null,
          null,
          1,
          12,
          null,
          12,
          14,
          null,
          null,
          12,
          null,
          null,
          1,
          null,
          1,
          12,
          0,
          null,
          12,
          null,
          null,
          0,
          0,
          null,
          null,
          1,
          14,
          14,
          14,
          14,
          13,
          null,
          null,
          1,
          1,
          null,
          null,
          1,
          null,
          1,
          null,
          null,
          null,
          null,
          null,
          1,
          1,
          null,
          null,
          1,
          14,
          null,
          null,
          null,
          null,
          null,
          null,
          null,
          null,
          null,
          null,
          null
        ],
        "branches": {
          "[:if, 0, 25, 10, 29, 13]": {
            "[:then, 1, 26, 12, 26, 64]": 0,
            "[:else, 2, 28, 12, 28, 53]": 12
          },
          "[:if, 3, 40, 12, 40, 64]": {
            "[:then, 4, 40, 12, 40, 48]": 9,
            "[:else, 5, 40, 12, 40, 64]": 4
          }
        }
      },
      "/Users/v.fernandez/Documents/virgilio-personal/interviews/squora/merchant-payments/lib/domain/disbursements/services/fee_calculator.rb": {
        "lines": [
          1,
          1,
          1,
          1,
          null,
          1,
          1,
          1,
          null,
          null,
          1,
          60,
          null,
          null,
          1,
          null,
          1,
          98,
          35,
          null,
          null,
          null,
          null,
          null
        ],
        "branches": {
          "[:\"&.\", 0, 18, 27, 18, 91]": {
            "[:then, 1, 18, 27, 18, 91]": 35,
            "[:else, 2, 18, 27, 18, 91]": 0
          }
        }
      },
      "/Users/v.fernandez/Documents/virgilio-personal/interviews/squora/merchant-payments/lib/domain/disbursements/value_objects/disbursement_window.rb": {
        "lines": [
          1,
          1,
          1,
          1,
          1,
          30,
          30,
          null,
          null,
          1,
          null,
          27,
          null,
          null,
          1,
          27,
          null,
          null,
          17,
          null,
          null,
          9,
          null,
          1,
          null,
          null,
          null,
          null,
          null,
          null
        ],
        "branches": {
          "[:case, 0, 16, 10, 25, 13]": {
            "[:when, 1, 19, 12, 19, 48]": 17,
            "[:when, 2, 22, 12, 22, 49]": 9,
            "[:else, 3, 24, 12, 24, 67]": 1
          }
        }
      },
      "/Users/v.fernandez/Documents/virgilio-personal/interviews/squora/merchant-payments/lib/domain/fees/jobs/monthly_fee_processing_job.rb": {
        "lines": [
          1,
          1,
          1,
          1,
          1,
          null,
          1,
          1,
          1,
          1,
          1,
          1,
          1,
          1,
          null,
          null,
          null,
          null,
          null
        ],
        "branches": {}
      },
      "/Users/v.fernandez/Documents/virgilio-personal/interviews/squora/merchant-payments/lib/domain/fees/repositories/merchant_repository.rb": {
        "lines": [
          1,
          1,
          1,
          1,
          1,
          1,
          null,
          1,
          1,
          null,
          null,
          null,
          null,
          null
        ],
        "branches": {}
      },
      "/Users/v.fernandez/Documents/virgilio-personal/interviews/squora/merchant-payments/lib/infrastructure/persistence/active_record/models/merchant.rb": {
        "lines": [
          1,
          1,
          1,
          1,
          1,
          null,
          1,
          null,
          null,
          null,
          null,
          1,
          1,
          null,
          null,
          1,
          null,
          null,
          null,
          1,
          null,
          1,
          null,
          null,
          null,
          1,
          1,
          1,
          1,
          1,
          1,
          null,
          null,
          null,
          null,
          31,
          1,
          16,
          null,
          1,
          1,
          null,
          null,
          null,
          null,
          null,
          null,
          null,
          null,
          null,
          null,
          null,
          null,
          null,
          null
        ],
        "branches": {}
      },
      "/Users/v.fernandez/Documents/virgilio-personal/interviews/squora/merchant-payments/lib/infrastructure/persistence/active_record/concerns/has_uuid.rb": {
        "lines": [
          1,
          1,
          1,
          1,
          1,
          1,
          null,
          1,
          3,
          null,
          null,
          1,
          null,
          1,
          330,
          null,
          null,
          null,
          null,
          null,
          null
        ],
        "branches": {
          "[:if, 0, 15, 12, 15, 63]": {
            "[:then, 1, 15, 12, 15, 39]": 282,
            "[:else, 2, 15, 12, 15, 63]": 48
          }
        }
      },
      "/Users/v.fernandez/Documents/virgilio-personal/interviews/squora/merchant-payments/lib/domain/merchants/value_objects/disbursement_frequency.rb": {
        "lines": [
          1,
          1,
          1,
          1,
          1,
          null,
          null,
          null,
          null,
          1,
          null,
          1,
          35,
          null,
          null,
          1,
          29,
          null,
          null,
          1,
          3,
          null,
          null,
          null,
          null,
          null
        ],
        "branches": {}
      },
      "/Users/v.fernandez/Documents/virgilio-personal/interviews/squora/merchant-payments/lib/domain/fees/repositories/monthly_fee_repository.rb": {
        "lines": [
          1,
          1,
          1,
          1,
          1,
          1,
          null,
          null,
          1,
          4,
          4,
          null,
          4,
          null,
          null,
          null,
          4,
          null,
          3,
          null,
          null,
          1,
          3,
          null,
          null,
          null,
          null,
          null,
          null,
          null,
          1,
          5,
          null,
          null,
          null,
          1,
          4,
          null,
          null,
          1,
          4,
          null,
          null,
          null,
          null,
          null
        ],
        "branches": {
          "[:unless, 0, 17, 10, 17, 49]": {
            "[:else, 1, 17, 10, 17, 49]": 3,
            "[:then, 2, 17, 10, 17, 20]": 1
          }
        }
      },
      "/Users/v.fernandez/Documents/virgilio-personal/interviews/squora/merchant-payments/lib/infrastructure/persistence/active_record/models/monthly_fee_adjustment.rb": {
        "lines": [
          1,
          1,
          1,
          1,
          1,
          null,
          null,
          null,
          null,
          null,
          1,
          null,
          null,
          1,
          null,
          null,
          null,
          1,
          1,
          1,
          1,
          1,
          null,
          null,
          null,
          null,
          null,
          2,
          14,
          7,
          7,
          null,
          null,
          null,
          null,
          null,
          null,
          null,
          null,
          null
        ],
        "branches": {}
      },
      "/Users/v.fernandez/Documents/virgilio-personal/interviews/squora/merchant-payments/lib/domain/merchants/data/api_record_validator.rb": {
        "lines": [
          1,
          1,
          1,
          1,
          1,
          1,
          null,
          1,
          1,
          1,
          1,
          1,
          1,
          null,
          1,
          1,
          19,
          19,
          null,
          null,
          null,
          1,
          19,
          null,
          null,
          null,
          null,
          null,
          null,
          null,
          null,
          9,
          null,
          null,
          null,
          null,
          null
        ],
        "branches": {}
      },
      "/Users/v.fernandez/Documents/virgilio-personal/interviews/squora/merchant-payments/lib/domain/shared/types.rb": {
        "lines": [
          1,
          null,
          1,
          1,
          1,
          1,
          null,
          1,
          null,
          1,
          1,
          77,
          null,
          1,
          72,
          null,
          1,
          1,
          null,
          null,
          null
        ],
        "branches": {}
      },
      "/Users/v.fernandez/Documents/virgilio-personal/interviews/squora/merchant-payments/lib/domain/merchants/data/csv_record_validator.rb": {
        "lines": [
          1,
          1,
          1,
          1,
          1,
          1,
          null,
          1,
          1,
          1,
          1,
          1,
          1,
          null,
          1,
          1,
          18,
          18,
          18,
          null,
          null,
          null,
          1,
          18,
          null,
          null,
          null,
          null,
          null,
          null,
          null,
          null,
          8,
          null,
          null,
          1,
          null,
          1,
          null,
          1,
          18,
          18,
          null,
          null,
          null,
          null,
          null
        ],
        "branches": {}
      },
      "/Users/v.fernandez/Documents/virgilio-personal/interviews/squora/merchant-payments/lib/domain/merchants/entities/disbursable_merchant.rb": {
        "lines": [
          1,
          1,
          1,
          1,
          1,
          null,
          1,
          131,
          131,
          131,
          131,
          131,
          null,
          null,
          null,
          null,
          null
        ],
        "branches": {}
      },
      "/Users/v.fernandez/Documents/virgilio-personal/interviews/squora/merchant-payments/lib/domain/merchants/entities/merchant.rb": {
        "lines": [
          null,
          1,
          1,
          1,
          1,
          1,
          null,
          1,
          37,
          37,
          37,
          37,
          37,
          37,
          37,
          null,
          null,
          1,
          2,
          1,
          null,
          null,
          null,
          null,
          null
        ],
        "branches": {
          "[:if, 0, 19, 10, 19, 66]": {
            "[:then, 1, 19, 10, 19, 29]": 1,
            "[:else, 2, 19, 10, 19, 66]": 1
          }
        }
      },
      "/Users/v.fernandez/Documents/virgilio-personal/interviews/squora/merchant-payments/lib/domain/merchants/repositories/merchant_repository.rb": {
        "lines": [
          1,
          1,
          1,
          1,
          1,
          1,
          1,
          1,
          1,
          null,
          1,
          31,
          25,
          null,
          null,
          1,
          3,
          2,
          null,
          null,
          1,
          1,
          2,
          null,
          null,
          null,
          1,
          13,
          null,
          null,
          124,
          null,
          null,
          1,
          0,
          null,
          null,
          0,
          null,
          null,
          1,
          null,
          1,
          14,
          null,
          null,
          1,
          14,
          null,
          null,
          null,
          null,
          1,
          0,
          null,
          null,
          null,
          null,
          null
        ],
        "branches": {}
      },
      "/Users/v.fernandez/Documents/virgilio-personal/interviews/squora/merchant-payments/lib/domain/orders/entities/order.rb": {
        "lines": [
          null,
          1,
          1,
          1,
          1,
          1,
          null,
          1,
          35,
          35,
          35,
          35,
          35,
          null,
          null,
          null,
          null,
          null
        ],
        "branches": {}
      },
      "/Users/v.fernandez/Documents/virgilio-personal/interviews/squora/merchant-payments/lib/domain/merchants/services/csv_validator.rb": {
        "lines": [
          1,
          1,
          1,
          1,
          1,
          1,
          null,
          1,
          20,
          null,
          null,
          1,
          20,
          20,
          null,
          null,
          1,
          20,
          18,
          null,
          17,
          16,
          16,
          null,
          16,
          15,
          15,
          null,
          13,
          null,
          null,
          null,
          null,
          null,
          2,
          null,
          null,
          1,
          null,
          1,
          null,
          1,
          15,
          15,
          15,
          null,
          null,
          1,
          17,
          null,
          17,
          22,
          22,
          null,
          null,
          1,
          null,
          null,
          1,
          22,
          null,
          0,
          null,
          null,
          1,
          16,
          null,
          0,
          null,
          null,
          null,
          null,
          null
        ],
        "branches": {
          "[:unless, 0, 18, 10, 18, 125]": {
            "[:else, 1, 18, 10, 18, 125]": 18,
            "[:then, 2, 18, 10, 18, 96]": 2
          },
          "[:if, 3, 19, 10, 19, 106]": {
            "[:then, 4, 19, 10, 19, 82]": 1,
            "[:else, 5, 19, 10, 19, 106]": 17
          },
          "[:if, 6, 23, 10, 23, 86]": {
            "[:then, 7, 23, 10, 23, 71]": 0,
            "[:else, 8, 23, 10, 23, 86]": 16
          },
          "[:if, 9, 27, 10, 27, 86]": {
            "[:then, 10, 27, 10, 27, 71]": 2,
            "[:else, 11, 27, 10, 27, 86]": 13
          },
          "[:if, 12, 45, 10, 45, 85]": {
            "[:then, 13, 45, 10, 45, 69]": 2,
            "[:else, 14, 45, 10, 45, 85]": 13
          },
          "[:\"&.\", 15, 53, 32, 53, 44]": {
            "[:then, 16, 53, 32, 53, 44]": 22,
            "[:else, 17, 53, 32, 53, 44]": 0
          },
          "[:if, 18, 53, 12, 53, 53]": {
            "[:then, 19, 53, 12, 53, 28]": 16,
            "[:else, 20, 53, 12, 53, 53]": 6
          },
          "[:if, 21, 66, 10, 66, 56]": {
            "[:then, 22, 66, 10, 66, 16]": 16,
            "[:else, 23, 66, 10, 66, 56]": 0
          }
        }
      },
      "/Users/v.fernandez/Documents/virgilio-personal/interviews/squora/merchant-payments/lib/domain/merchants/services/importers/api_importer.rb": {
        "lines": [
          1,
          1,
          1,
          1,
          1,
          1,
          1,
          null,
          1,
          12,
          null,
          null,
          1,
          12,
          null,
          null,
          1,
          12,
          null,
          12,
          12,
          6,
          6,
          null,
          null,
          6,
          6,
          null,
          null,
          1,
          null,
          1,
          null,
          1,
          12,
          8,
          null,
          4,
          4,
          null,
          2,
          2,
          null,
          null,
          null,
          null,
          null,
          null
        ],
        "branches": {}
      },
      "/Users/v.fernandez/Documents/virgilio-personal/interviews/squora/merchant-payments/lib/domain/merchants/services/merchant_creators/api_creator.rb": {
        "lines": [
          null,
          1,
          1,
          1,
          1,
          1,
          null,
          null,
          null,
          null,
          null
        ],
        "branches": {}
      },
      "/Users/v.fernandez/Documents/virgilio-personal/interviews/squora/merchant-payments/lib/domain/merchants/services/merchant_creators/base_creator.rb": {
        "lines": [
          null,
          1,
          1,
          1,
          1,
          1,
          1,
          1,
          33,
          32,
          null,
          null,
          null,
          1,
          35,
          34,
          null,
          null,
          1,
          34,
          29,
          29,
          null,
          null,
          1,
          null,
          1,
          null,
          1,
          null,
          1,
          33,
          30,
          null,
          null,
          1,
          33,
          2,
          null,
          null,
          null,
          1,
          30,
          2,
          null,
          null,
          1,
          null,
          28,
          null,
          null,
          null,
          null,
          null,
          null,
          null,
          null,
          1,
          27,
          null,
          null,
          1,
          27,
          null,
          null,
          null,
          null,
          null,
          null
        ],
        "branches": {
          "[:if, 0, 9, 14, 9, 94]": {
            "[:then, 1, 9, 14, 9, 71]": 1,
            "[:else, 2, 9, 14, 9, 94]": 32
          },
          "[:if, 3, 15, 12, 15, 109]": {
            "[:then, 4, 15, 12, 15, 80]": 1,
            "[:else, 5, 15, 12, 15, 109]": 34
          },
          "[:unless, 6, 37, 12, 39, 15]": {
            "[:else, 7, 37, 12, 39, 15]": 30,
            "[:then, 8, 38, 14, 38, 75]": 2
          },
          "[:if, 9, 43, 12, 43, 90]": {
            "[:then, 10, 43, 12, 43, 18]": 28,
            "[:else, 11, 43, 12, 43, 90]": 2
          }
        }
      },
      "/Users/v.fernandez/Documents/virgilio-personal/interviews/squora/merchant-payments/lib/domain/merchants/services/importers/csv_importer.rb": {
        "lines": [
          null,
          1,
          1,
          1,
          1,
          1,
          1,
          1,
          1,
          null,
          1,
          11,
          null,
          null,
          1,
          11,
          11,
          11,
          null,
          null,
          1,
          11,
          11,
          null,
          11,
          4,
          2,
          null,
          null,
          9,
          9,
          null,
          9,
          9,
          10,
          null,
          null,
          9,
          null,
          null,
          9,
          null,
          9,
          null,
          null,
          null,
          null,
          null,
          null,
          0,
          0,
          null,
          0,
          0,
          null,
          null,
          1,
          null,
          1,
          1,
          null,
          1,
          9,
          null,
          null,
          1,
          10,
          8,
          6,
          null,
          null,
          2,
          2,
          null,
          null,
          2,
          2,
          null,
          null,
          1,
          9,
          null,
          4,
          4,
          4,
          null,
          null,
          null,
          1,
          null,
          4,
          null,
          null,
          null,
          null,
          null,
          null,
          1,
          34,
          11,
          11,
          34,
          null,
          11,
          null,
          null,
          null,
          null,
          null,
          null,
          null
        ],
        "branches": {
          "[:unless, 0, 25, 12, 28, 15]": {
            "[:else, 1, 25, 12, 28, 15]": 9,
            "[:then, 2, 26, 14, 27, 68]": 2
          },
          "[:unless, 3, 81, 12, 81, 47]": {
            "[:else, 4, 81, 12, 81, 47]": 4,
            "[:then, 5, 81, 12, 81, 18]": 5
          }
        }
      },
      "/Users/v.fernandez/Documents/virgilio-personal/interviews/squora/merchant-payments/lib/domain/merchants/services/merchant_creators/csv_creator.rb": {
        "lines": [
          null,
          1,
          1,
          1,
          1,
          1,
          null,
          null,
          null,
          null,
          null
        ],
        "branches": {}
      },
      "/Users/v.fernandez/Documents/virgilio-personal/interviews/squora/merchant-payments/lib/domain/orders/data/api_record_validator.rb": {
        "lines": [
          1,
          1,
          1,
          1,
          1,
          1,
          null,
          1,
          1,
          1,
          1,
          null,
          1,
          1,
          21,
          21,
          null,
          null,
          null,
          1,
          21,
          null,
          null,
          null,
          null,
          null,
          null,
          9,
          null,
          null,
          null,
          null,
          null
        ],
        "branches": {}
      },
      "/Users/v.fernandez/Documents/virgilio-personal/interviews/squora/merchant-payments/lib/domain/orders/data/csv_record_validator.rb": {
        "lines": [
          1,
          1,
          1,
          1,
          1,
          1,
          null,
          1,
          1,
          1,
          1,
          null,
          1,
          1,
          17,
          17,
          17,
          null,
          null,
          null,
          1,
          18,
          null,
          null,
          null,
          null,
          null,
          null,
          7,
          null,
          null,
          1,
          null,
          1,
          null,
          1,
          17,
          17,
          null,
          null,
          null,
          null,
          null
        ],
        "branches": {}
      },
      "/Users/v.fernandez/Documents/virgilio-personal/interviews/squora/merchant-payments/lib/domain/orders/repositories/order_repository.rb": {
        "lines": [
          1,
          1,
          1,
          1,
          1,
          1,
          1,
          null,
          1,
          34,
          26,
          null,
          null,
          1,
          3,
          2,
          null,
          null,
          1,
          26,
          null,
          null,
          null,
          null,
          null,
          null,
          null,
          null,
          null
        ],
        "branches": {}
      },
      "/Users/v.fernandez/Documents/virgilio-personal/interviews/squora/merchant-payments/lib/domain/orders/services/csv_validator.rb": {
        "lines": [
          1,
          1,
          1,
          1,
          1,
          1,
          null,
          1,
          19,
          null,
          null,
          1,
          19,
          19,
          null,
          null,
          1,
          19,
          17,
          null,
          16,
          15,
          15,
          null,
          15,
          14,
          14,
          null,
          12,
          null,
          null,
          null,
          null,
          null,
          2,
          null,
          null,
          1,
          null,
          1,
          null,
          1,
          14,
          14,
          14,
          null,
          null,
          1,
          16,
          null,
          16,
          21,
          21,
          null,
          null,
          1,
          null,
          null,
          1,
          21,
          null,
          0,
          null,
          null,
          1,
          15,
          0,
          null,
          null,
          null,
          null,
          null
        ],
        "branches": {
          "[:unless, 0, 18, 10, 18, 125]": {
            "[:else, 1, 18, 10, 18, 125]": 17,
            "[:then, 2, 18, 10, 18, 96]": 2
          },
          "[:if, 3, 19, 10, 19, 106]": {
            "[:then, 4, 19, 10, 19, 82]": 1,
            "[:else, 5, 19, 10, 19, 106]": 16
          },
          "[:if, 6, 23, 10, 23, 86]": {
            "[:then, 7, 23, 10, 23, 71]": 0,
            "[:else, 8, 23, 10, 23, 86]": 15
          },
          "[:if, 9, 27, 10, 27, 86]": {
            "[:then, 10, 27, 10, 27, 71]": 2,
            "[:else, 11, 27, 10, 27, 86]": 12
          },
          "[:if, 12, 45, 10, 45, 85]": {
            "[:then, 13, 45, 10, 45, 69]": 2,
            "[:else, 14, 45, 10, 45, 85]": 12
          },
          "[:\"&.\", 15, 53, 32, 53, 44]": {
            "[:then, 16, 53, 32, 53, 44]": 21,
            "[:else, 17, 53, 32, 53, 44]": 0
          },
          "[:if, 18, 53, 12, 53, 53]": {
            "[:then, 19, 53, 12, 53, 28]": 15,
            "[:else, 20, 53, 12, 53, 53]": 6
          },
          "[:if, 21, 66, 10, 66, 56]": {
            "[:then, 22, 66, 10, 66, 16]": 15,
            "[:else, 23, 66, 10, 66, 56]": 0
          }
        }
      },
      "/Users/v.fernandez/Documents/virgilio-personal/interviews/squora/merchant-payments/lib/domain/orders/services/importers/api_importer.rb": {
        "lines": [
          1,
          1,
          1,
          1,
          1,
          1,
          1,
          null,
          1,
          14,
          null,
          null,
          1,
          14,
          null,
          null,
          1,
          14,
          null,
          14,
          14,
          9,
          9,
          null,
          null,
          5,
          5,
          null,
          null,
          1,
          null,
          1,
          null,
          1,
          14,
          10,
          null,
          4,
          4,
          null,
          1,
          1,
          null,
          null,
          null,
          null,
          null,
          null
        ],
        "branches": {}
      },
      "/Users/v.fernandez/Documents/virgilio-personal/interviews/squora/merchant-payments/lib/domain/orders/services/order_creators/api_creator.rb": {
        "lines": [
          1,
          1,
          1,
          1,
          1,
          null,
          null,
          null,
          null,
          null
        ],
        "branches": {}
      },
      "/Users/v.fernandez/Documents/virgilio-personal/interviews/squora/merchant-payments/lib/domain/orders/services/order_creators/base_creator.rb": {
        "lines": [
          1,
          1,
          1,
          1,
          1,
          1,
          1,
          32,
          30,
          null,
          null,
          null,
          1,
          36,
          34,
          null,
          null,
          1,
          34,
          30,
          30,
          null,
          null,
          1,
          null,
          1,
          null,
          1,
          null,
          1,
          32,
          null,
          null,
          null,
          null,
          null,
          null,
          null,
          null,
          1,
          32,
          2,
          null,
          null,
          1,
          null,
          28,
          null,
          null,
          null,
          null,
          null,
          null,
          null,
          1,
          26,
          null,
          null,
          1,
          26,
          null,
          null,
          null,
          null,
          null,
          null
        ],
        "branches": {
          "[:if, 0, 8, 14, 8, 94]": {
            "[:then, 1, 8, 14, 8, 71]": 2,
            "[:else, 2, 8, 14, 8, 94]": 30
          },
          "[:if, 3, 14, 12, 14, 109]": {
            "[:then, 4, 14, 12, 14, 80]": 2,
            "[:else, 5, 14, 12, 14, 109]": 34
          },
          "[:if, 6, 41, 12, 41, 74]": {
            "[:then, 7, 41, 12, 41, 18]": 28,
            "[:else, 8, 41, 12, 41, 74]": 2
          }
        }
      },
      "/Users/v.fernandez/Documents/virgilio-personal/interviews/squora/merchant-payments/lib/domain/orders/services/importers/csv_importer.rb": {
        "lines": [
          1,
          1,
          1,
          1,
          1,
          1,
          1,
          1,
          null,
          1,
          10,
          null,
          null,
          1,
          10,
          10,
          10,
          null,
          null,
          1,
          10,
          10,
          null,
          10,
          4,
          2,
          null,
          null,
          8,
          null,
          8,
          8,
          null,
          8,
          10,
          null,
          10,
          0,
          0,
          null,
          null,
          null,
          null,
          8,
          null,
          8,
          null,
          8,
          null,
          null,
          null,
          null,
          null,
          null,
          0,
          0,
          null,
          0,
          0,
          null,
          null,
          1,
          null,
          1,
          1,
          null,
          1,
          8,
          null,
          null,
          1,
          10,
          9,
          6,
          null,
          1,
          1,
          null,
          3,
          3,
          null,
          null,
          1,
          0,
          null,
          0,
          0,
          0,
          null,
          null,
          null,
          1,
          null,
          4,
          null,
          null,
          null,
          null,
          null,
          null,
          1,
          24,
          10,
          10,
          24,
          null,
          10,
          null,
          null,
          null,
          1,
          7,
          7,
          10,
          null,
          null,
          null,
          null,
          null,
          null,
          null,
          null
        ],
        "branches": {
          "[:unless, 0, 24, 12, 27, 15]": {
            "[:else, 1, 24, 12, 27, 15]": 8,
            "[:then, 2, 25, 14, 26, 78]": 2
          },
          "[:if, 3, 37, 14, 40, 17]": {
            "[:then, 4, 38, 16, 39, 33]": 0,
            "[:else, 5, 37, 14, 40, 17]": 10
          },
          "[:if, 6, 44, 12, 44, 60]": {
            "[:then, 7, 44, 12, 44, 39]": 7,
            "[:else, 8, 44, 12, 44, 60]": 1
          },
          "[:unless, 9, 84, 12, 84, 44]": {
            "[:else, 10, 84, 12, 84, 44]": 0,
            "[:then, 11, 84, 12, 84, 18]": 0
          }
        }
      },
      "/Users/v.fernandez/Documents/virgilio-personal/interviews/squora/merchant-payments/lib/domain/orders/services/order_creators/csv_creator.rb": {
        "lines": [
          1,
          1,
          1,
          1,
          1,
          null,
          null,
          null,
          null,
          null
        ],
        "branches": {}
      },
      "/Users/v.fernandez/Documents/virgilio-personal/interviews/squora/merchant-payments/lib/domain/merchants/errors.rb": {
        "lines": [
          1,
          1,
          1,
          1,
          1,
          1,
          1,
          null,
          null,
          null
        ],
        "branches": {}
      },
      "/Users/v.fernandez/Documents/virgilio-personal/interviews/squora/merchant-payments/lib/domain/orders/errors.rb": {
        "lines": [
          1,
          1,
          1,
          1,
          1,
          1,
          null,
          null,
          null
        ],
        "branches": {}
      },
      "/Users/v.fernandez/Documents/virgilio-personal/interviews/squora/merchant-payments/lib/domain/disbursements/errors.rb": {
        "lines": [
          1,
          1,
          1,
          1,
          1,
          1,
          1,
          1,
          1,
          null,
          null,
          null
        ],
        "branches": {}
      },
      "/Users/v.fernandez/Documents/virgilio-personal/interviews/squora/merchant-payments/lib/tasks/calculate_stats.rake": {
        "lines": [
          1,
          1,
          1,
          null,
          0,
          null,
          0,
          0,
          null,
          0,
          0,
          null,
          0,
          null,
          null,
          null,
          null,
          null,
          null,
          null,
          null,
          0,
          null,
          null,
          1,
          null,
          1,
          0,
          0,
          null,
          0,
          0,
          null,
          null,
          null,
          null,
          null,
          null,
          null
        ],
        "branches": {}
      },
      "/Users/v.fernandez/Documents/virgilio-personal/interviews/squora/merchant-payments/lib/tasks/disbursements.rake": {
        "lines": [
          1,
          1,
          1,
          0,
          0,
          null,
          0,
          null,
          null,
          0,
          0,
          null,
          0,
          0,
          null,
          null
        ],
        "branches": {
          "[:if, 0, 4, 11, 8, 7]": {
            "[:then, 1, 5, 13, 5, 36]": 0,
            "[:else, 2, 7, 13, 7, 25]": 0
          },
          "[:if, 3, 14, 4, 14, 96]": {
            "[:then, 4, 14, 4, 14, 71]": 0,
            "[:else, 5, 14, 4, 14, 96]": 0
          }
        }
      },
      "/Users/v.fernandez/Documents/virgilio-personal/interviews/squora/merchant-payments/lib/tasks/disbursements_import_without_retries.rake": {
        "lines": [
          1,
          1,
          1,
          0,
          0,
          null,
          0,
          0,
          null,
          0,
          0,
          0,
          null,
          null,
          0,
          0,
          null,
          0,
          0,
          0,
          0,
          null,
          0,
          0,
          0,
          null,
          0,
          0,
          0,
          0,
          0,
          null,
          0,
          0,
          0,
          null,
          null,
          0,
          null,
          null,
          0,
          0,
          0,
          0,
          null,
          null
        ],
        "branches": {
          "[:if, 0, 10, 4, 13, 7]": {
            "[:then, 1, 11, 6, 12, 10]": 0,
            "[:else, 2, 10, 4, 13, 7]": 0
          },
          "[:while, 3, 27, 4, 39, 7]": {
            "[:body, 4, 28, 6, 38, 27]": 0
          }
        }
      },
      "/Users/v.fernandez/Documents/virgilio-personal/interviews/squora/merchant-payments/lib/tasks/import.rake": {
        "lines": [
          null,
          null,
          1,
          1,
          1,
          null,
          1,
          1,
          0,
          0,
          null,
          null,
          1,
          1,
          0,
          0,
          null,
          null
        ],
        "branches": {}
      },
      "/Users/v.fernandez/Documents/virgilio-personal/interviews/squora/merchant-payments/lib/tasks/monthly_fees.rake": {
        "lines": [
          1,
          1,
          1,
          1,
          1,
          null,
          1,
          1,
          1,
          null,
          null,
          0,
          null,
          null,
          1,
          1,
          0,
          0,
          null,
          0,
          0,
          0,
          null,
          null,
          0,
          0,
          null,
          0,
          0,
          0,
          0,
          null,
          0,
          0,
          null,
          null,
          null,
          0,
          null,
          0,
          0,
          null,
          null,
          1,
          null,
          1,
          0,
          null,
          0,
          0,
          0,
          0,
          null,
          0,
          null,
          0,
          0,
          0,
          null,
          null,
          0,
          0,
          null,
          0,
          0,
          null,
          null,
          1,
          3,
          null,
          0,
          0,
          0,
          null,
          null,
          0,
          null,
          0,
          0,
          null,
          null
        ],
        "branches": {
          "[:if, 0, 5, 4, 5, 28]": {
            "[:then, 1, 5, 4, 5, 8]": 0,
            "[:else, 2, 5, 4, 5, 28]": 1
          },
          "[:if, 3, 7, 4, 10, 7]": {
            "[:then, 4, 8, 6, 9, 10]": 1,
            "[:else, 5, 7, 4, 10, 7]": 0
          },
          "[:unless, 6, 20, 4, 23, 7]": {
            "[:else, 7, 20, 4, 23, 7]": 0,
            "[:then, 8, 21, 6, 22, 10]": 0
          },
          "[:if, 9, 31, 8, 31, 43]": {
            "[:then, 10, 31, 8, 31, 13]": 0,
            "[:else, 11, 31, 8, 31, 43]": 0
          },
          "[:unless, 12, 58, 6, 58, 39]": {
            "[:else, 13, 58, 6, 58, 39]": 0,
            "[:then, 14, 58, 6, 58, 23]": 0
          },
          "[:unless, 15, 69, 4, 69, 42]": {
            "[:else, 16, 69, 4, 69, 42]": 0,
            "[:then, 17, 69, 4, 69, 23]": 3
          },
          "[:unless, 18, 71, 4, 74, 7]": {
            "[:else, 19, 71, 4, 74, 7]": 0,
            "[:then, 20, 72, 6, 73, 16]": 0
          }
        }
      }
    },
    "timestamp": 1738910892
  }
}
